<?xml version="1.0" encoding="UTF-8"?>
<!-- Generated by org.testng.reporters.JUnitReportReporter -->
<testsuite hostname="samikshak-ubuntu" failures="0" tests="3" name="testng.Test4" time="0.008" errors="0" timestamp="2025-05-21T15:14:48 IST" skipped="0">
  <testcase classname="testng.Test4" name="mobileLoginHomeLoan" time="0.003"/>
  <testcase classname="testng.Test4" name="webLoginHomeLoan" time="0.003"/>
  <testcase classname="testng.Test4" name="loginAPIHomeLoan" time="0.002"/>
</testsuite> <!-- testng.Test4 -->
