<?xml version="1.0" encoding="UTF-8"?>
<!-- Generated by org.testng.reporters.JUnitReportReporter -->
<testsuite hostname="samikshak-ubuntu" failures="0" tests="1" name="testng.Test2" time="0.003" errors="0" timestamp="2025-05-21T15:14:48 IST" skipped="0">
  <testcase classname="testng.Test2" name="ploan" time="0.003"/>
</testsuite> <!-- testng.Test2 -->
