<?xml version="1.0" encoding="UTF-8"?>
<!-- Generated by org.testng.reporters.JUnitReportReporter -->
<testsuite hostname="samikshak-ubuntu" failures="0" tests="7" name="testng.Test3" time="0.032" errors="0" timestamp="2025-05-21T15:14:48 IST" skipped="1">
  <testcase classname="testng.Test3" name="mobileSignOutCarLoan" time="0.005"/>
  <testcase classname="testng.Test3" name="mobileLoginCarLoan" time="0.003"/>
  <testcase classname="testng.Test3" name="APICarLoan" time="0.004"/>
  <testcase classname="testng.Test3" name="mobileSignOutCarLoan" time="0.006"/>
  <testcase classname="testng.Test3" name="webLoginCarLoan" time="0.006"/>
  <testcase classname="testng.Test3" name="mobileSignOutCarLoan" time="0.008"/>
  <testcase classname="testng.Test3" name="mobileSigninCarLoan">
    <skipped/>
  </testcase> <!-- mobileSigninCarLoan -->
</testsuite> <!-- testng.Test3 -->
